[debug] [2019-12-17T18:08:33.441Z] ----------------------------------------------------------------------
[debug] [2019-12-17T18:08:33.444Z] Command:       C:\Program Files\nodejs\node.exe C:\Users\Rogean\AppData\Roaming\npm\node_modules\firebase-tools\lib\bin\firebase.js deploy
[debug] [2019-12-17T18:08:33.444Z] CLI Version:   7.10.0
[debug] [2019-12-17T18:08:33.444Z] Platform:      win32
[debug] [2019-12-17T18:08:33.444Z] Node Version:  v10.16.3
[debug] [2019-12-17T18:08:33.446Z] Time:          Tue Dec 17 2019 16:08:33 GMT-0200 (GMT-02:00)
[debug] [2019-12-17T18:08:33.446Z] ----------------------------------------------------------------------
[debug] [2019-12-17T18:08:33.446Z] 
[debug] [2019-12-17T18:08:33.460Z] > command requires scopes: ["email","openid","https://www.googleapis.com/auth/cloudplatformprojects.readonly","https://www.googleapis.com/auth/firebase","https://www.googleapis.com/auth/cloud-platform"]
[debug] [2019-12-17T18:08:33.461Z] > authorizing via signed-in user
[debug] [2019-12-17T18:08:33.461Z] [iam] checking project sendme-d9f48 for permissions ["cloudfunctions.functions.create","cloudfunctions.functions.delete","cloudfunctions.functions.get","cloudfunctions.functions.list","cloudfunctions.functions.update","cloudfunctions.operations.get","datastore.indexes.create","datastore.indexes.delete","datastore.indexes.list","datastore.indexes.update","firebase.projects.get","firebasedatabase.instances.update","firebasehosting.sites.update","firebaserules.releases.create","firebaserules.releases.update","firebaserules.rulesets.create"]
[debug] [2019-12-17T18:08:33.463Z] >>> HTTP REQUEST POST https://cloudresourcemanager.googleapis.com/v1/projects/sendme-d9f48:testIamPermissions  

[debug] [2019-12-17T18:08:34.610Z] <<< HTTP RESPONSE 200
[debug] [2019-12-17T18:08:34.613Z] >>> HTTP REQUEST GET https://firebase.googleapis.com/v1beta1/projects/sendme-d9f48  
 
[debug] [2019-12-17T18:08:35.148Z] <<< HTTP RESPONSE 200
[info] 
[info] === Deploying to 'sendme-d9f48'...
[info] 
[info] i  deploying database, storage, firestore, functions, hosting
[info] Running command: npm --prefix "$RESOURCE_DIR" run lint
[info] +  functions: Finished running predeploy script.
[info] i  database: checking rules syntax...
[debug] [2019-12-17T18:08:51.162Z] >>> HTTP REQUEST PUT https://sendme-d9f48.firebaseio.com/.settings/rules.json?dryRun=true  
 {
  /* Visit https://firebase.google.com/docs/database/security to learn more about security rules. */
  "rules": {
    ".read": true,
    ".write": true
  }
}
[debug] [2019-12-17T18:08:51.984Z] <<< HTTP RESPONSE 404
[debug] [2019-12-17T18:08:51.984Z] <<< HTTP RESPONSE BODY {
  "error" : "Firebase error. Please ensure that you spelled the name of your Firebase correctly"
}

[error] 
[error] Error: Unexpected error while deploying database rules.
